
2018-11-20 16:31:12
删除目录: ../build/pc/8.0.0/
写入 ../build/pc/8.0.0/src/$/Array.js
写入 ../build/pc/8.0.0/src/$/Date.js
写入 ../build/pc/8.0.0/src/$/Emitter.js
写入 ../build/pc/8.0.0/src/$/Escape.js
写入 ../build/pc/8.0.0/src/$/Fn.js
写入 ../build/pc/8.0.0/src/$/Hash.js
写入 ../build/pc/8.0.0/src/$/JSON.js
写入 ../build/pc/8.0.0/src/$/Math.js
写入 ../build/pc/8.0.0/src/$/Object.js
写入 ../build/pc/8.0.0/src/$/Query.js
写入 ../build/pc/8.0.0/src/$/Script.js
写入 ../build/pc/8.0.0/src/$/String.js
写入 ../build/pc/8.0.0/src/$/StyleSheet.js
写入 ../build/pc/8.0.0/src/$/Tasks.js
写入 ../build/pc/8.0.0/src/$/Tree.js
写入 ../build/pc/8.0.0/src/api/API/Ajax.js
写入 ../build/pc/8.0.0/src/api/Proxy/Url.js
写入 ../build/pc/8.0.0/src/api/SSH/Server/Config.js
写入 ../build/pc/8.0.0/src/api/SSH/Ajax.js
写入 ../build/pc/8.0.0/src/api/SSH/Server.js
写入 ../build/pc/8.0.0/src/api/SSH.API/Ajax.js
写入 ../build/pc/8.0.0/src/api/API.js
写入 ../build/pc/8.0.0/src/api/Proxy.js
写入 ../build/pc/8.0.0/src/api/SSH.API.js
写入 ../build/pc/8.0.0/src/api/SSH.js
写入 ../build/pc/8.0.0/src/base/InnerModules.js
写入 ../build/pc/8.0.0/src/base/Module.js
写入 ../build/pc/8.0.0/src/base/ModuleManager.js
写入 ../build/pc/8.0.0/src/browser/navigator/Navigator/Hash.js
写入 ../build/pc/8.0.0/src/browser/navigator/Navigator/Meta.js
写入 ../build/pc/8.0.0/src/browser/navigator/Navigator/Router.js
写入 ../build/pc/8.0.0/src/browser/navigator/Navigator.js
写入 ../build/pc/8.0.0/src/browser/package/Package/All.js
写入 ../build/pc/8.0.0/src/browser/package/Package/Loader.js
写入 ../build/pc/8.0.0/src/browser/package/Package.js
写入 ../build/pc/8.0.0/src/browser/App.js
写入 ../build/pc/8.0.0/src/browser/HTMLParser.js
写入 ../build/pc/8.0.0/src/browser/LocalStorage.js
写入 ../build/pc/8.0.0/src/browser/Router.js
写入 ../build/pc/8.0.0/src/browser/SessionStorage.js
写入 ../build/pc/8.0.0/src/browser/Storage.js
写入 ../build/pc/8.0.0/src/browser/Url.js
写入 ../build/pc/8.0.0/src/core/Style/Margin.js
写入 ../build/pc/8.0.0/src/core/Style/Pixel.js
写入 ../build/pc/8.0.0/src/core/Config.js
写入 ../build/pc/8.0.0/src/core/Data.js
写入 ../build/pc/8.0.0/src/core/Defaults.js
写入 ../build/pc/8.0.0/src/core/KISP.js
写入 ../build/pc/8.0.0/src/core/Mapper.js
写入 ../build/pc/8.0.0/src/core/MD5.js
写入 ../build/pc/8.0.0/src/core/Module.js
写入 ../build/pc/8.0.0/src/core/RandomId.js
写入 ../build/pc/8.0.0/src/core/Style.js
写入 ../build/pc/8.0.0/src/data/config/mobile/Alert.js
写入 ../build/pc/8.0.0/src/data/config/mobile/Dialog.js
写入 ../build/pc/8.0.0/src/data/config/mobile/Mask.js
写入 ../build/pc/8.0.0/src/data/config/mobile/Tabs.js
写入 ../build/pc/8.0.0/src/data/config/pc/Alert.js
写入 ../build/pc/8.0.0/src/data/config/pc/Dialog.js
写入 ../build/pc/8.0.0/src/data/config/pc/Mask.js
写入 ../build/pc/8.0.0/src/data/config/pc/Tabs.js
写入 ../build/pc/8.0.0/src/data/defaults/common/api/SSH/Server/Config.js
写入 ../build/pc/8.0.0/src/data/defaults/common/api/SSH/Server.js
写入 ../build/pc/8.0.0/src/data/defaults/common/api/API.js
写入 ../build/pc/8.0.0/src/data/defaults/common/api/Proxy.js
写入 ../build/pc/8.0.0/src/data/defaults/common/api/SSH.API.js
写入 ../build/pc/8.0.0/src/data/defaults/common/api/SSH.js
写入 ../build/pc/8.0.0/src/data/defaults/common/Alert.defaults.js
写入 ../build/pc/8.0.0/src/data/defaults/common/App.defaults.js
写入 ../build/pc/8.0.0/src/data/defaults/common/Confirm.defaults.js
写入 ../build/pc/8.0.0/src/data/defaults/common/Dialog.defaults.js
写入 ../build/pc/8.0.0/src/data/defaults/common/Loading.defaults.js
写入 ../build/pc/8.0.0/src/data/defaults/common/LocalStorage.defaults.js
写入 ../build/pc/8.0.0/src/data/defaults/common/Mask.defaults.js
写入 ../build/pc/8.0.0/src/data/defaults/common/Module.defaults.js
写入 ../build/pc/8.0.0/src/data/defaults/common/Navigator.defaults.js
写入 ../build/pc/8.0.0/src/data/defaults/common/Package.js
写入 ../build/pc/8.0.0/src/data/defaults/common/Panel.defaults.js
写入 ../build/pc/8.0.0/src/data/defaults/common/SessionStorage.defaults.js
写入 ../build/pc/8.0.0/src/data/defaults/common/Tabs.defaults.js
写入 ../build/pc/8.0.0/src/data/defaults/common/Toast.defaults.js
写入 ../build/pc/8.0.0/src/data/defaults/common/Url.defaults.js
写入 ../build/pc/8.0.0/src/data/defaults/common/View.defaults.js
写入 ../build/pc/8.0.0/src/f/jquery/jquery-3.3.1.debug.js
写入 ../build/pc/8.0.0/src/f/jquery/jquery-3.3.1.min.js
写入 ../build/pc/8.0.0/src/lib/$.js
写入 ../build/pc/8.0.0/src/lib/IScroll.js
写入 ../build/pc/8.0.0/src/mobile/Touch.js
写入 ../build/pc/8.0.0/src/partial/begin.js
写入 ../build/pc/8.0.0/src/partial/end.js
写入 ../build/pc/8.0.0/src/ui/alert/Alert/Dialog/Height.js
写入 ../build/pc/8.0.0/src/ui/alert/Alert/Dialog.js
写入 ../build/pc/8.0.0/src/ui/alert/Alert.js
写入 ../build/pc/8.0.0/src/ui/confirm/Confirm.js
写入 ../build/pc/8.0.0/src/ui/dialog/Dialog/Events.js
写入 ../build/pc/8.0.0/src/ui/dialog/Dialog/Masker.js
写入 ../build/pc/8.0.0/src/ui/dialog/Dialog/Meta.js
写入 ../build/pc/8.0.0/src/ui/dialog/Dialog/Style.js
写入 ../build/pc/8.0.0/src/ui/dialog/Dialog/Template.js
写入 ../build/pc/8.0.0/src/ui/dialog/Dialog.js
写入 ../build/pc/8.0.0/src/ui/loading/Loading/Masker.js
写入 ../build/pc/8.0.0/src/ui/loading/Loading/Meta.js
写入 ../build/pc/8.0.0/src/ui/loading/Loading/Presettings.js
写入 ../build/pc/8.0.0/src/ui/loading/Loading/Sample.js
写入 ../build/pc/8.0.0/src/ui/loading/Loading/Style.js
写入 ../build/pc/8.0.0/src/ui/loading/Loading.js
写入 ../build/pc/8.0.0/src/ui/mask/Mask/Meta.js
写入 ../build/pc/8.0.0/src/ui/mask/Mask/Style.js
写入 ../build/pc/8.0.0/src/ui/mask/Mask.js
写入 ../build/pc/8.0.0/src/ui/panel/Panel/Container.js
写入 ../build/pc/8.0.0/src/ui/panel/Panel/Meta.js
写入 ../build/pc/8.0.0/src/ui/panel/Panel.js
[
    "//<for:mobile>"
]
写入 ../build/pc/8.0.0/src/ui/tabs/Tabs/Events.js
写入 ../build/pc/8.0.0/src/ui/tabs/Tabs/Meta.js
写入 ../build/pc/8.0.0/src/ui/tabs/Tabs.js
写入 ../build/pc/8.0.0/src/ui/template/Template/Parser/Templates.js
写入 ../build/pc/8.0.0/src/ui/template/Template/Child.js
写入 ../build/pc/8.0.0/src/ui/template/Template/Meta.js
写入 ../build/pc/8.0.0/src/ui/template/Template/Parser.js
写入 ../build/pc/8.0.0/src/ui/template/Template/Sample.js
写入 ../build/pc/8.0.0/src/ui/template/Template.js
写入 ../build/pc/8.0.0/src/ui/toast/Toast/Masker.js
写入 ../build/pc/8.0.0/src/ui/toast/Toast/Meta.js
写入 ../build/pc/8.0.0/src/ui/toast/Toast/Style.js
写入 ../build/pc/8.0.0/src/ui/toast/Toast.js
写入 ../build/pc/8.0.0/src/ui/view/View/Container.js
写入 ../build/pc/8.0.0/src/ui/view/View.js
解析 html 文件名: ../build/pc/8.0.0/src/ui/alert/Alert/Sample.html
生成 js 模块: Alert/Sample
写入 ../build/pc/8.0.0/src/ui/alert/Alert/Sample.html.js
解析 html 文件名: ../build/pc/8.0.0/src/ui/dialog/Dialog/Template/Sample.html
生成 js 模块: Dialog/Template/Sample
写入 ../build/pc/8.0.0/src/ui/dialog/Dialog/Template/Sample.html.js
解析 html 文件名: ../build/pc/8.0.0/src/ui/loading/Loading/Sample/iOS.html
生成 js 模块: Loading/Sample/iOS
写入 ../build/pc/8.0.0/src/ui/loading/Loading/Sample/iOS.html.js
解析 html 文件名: ../build/pc/8.0.0/src/ui/mask/Mask/Sample.html
生成 js 模块: Mask/Sample
写入 ../build/pc/8.0.0/src/ui/mask/Mask/Sample.html.js
解析 html 文件名: ../build/pc/8.0.0/src/ui/toast/Toast/Sample.html
生成 js 模块: Toast/Sample
写入 ../build/pc/8.0.0/src/ui/toast/Toast/Sample.html.js
../build/pc/8.0.0/src/core/KISP.js
写入 ../build/pc/8.0.0/meta/files.json
写入 ../build/pc/8.0.0/meta/id$mod.json
写入 ../build/pc/8.0.0/meta/id$file.json
写入 ../build/pc/8.0.0/meta/dep$ids.json
合并 124 个文件:
    ../build/pc/8.0.0/src/partial/begin.js
    ../build/pc/8.0.0/src/base/Module.js
    ../build/pc/8.0.0/src/base/ModuleManager.js
    ../build/pc/8.0.0/src/base/InnerModules.js
    ../build/pc/8.0.0/src/$/Array.js
    ../build/pc/8.0.0/src/$/Date.js
    ../build/pc/8.0.0/src/$/String.js
    ../build/pc/8.0.0/src/$/Emitter.js
    ../build/pc/8.0.0/src/$/Object.js
    ../build/pc/8.0.0/src/$/Tree.js
    ../build/pc/8.0.0/src/$/Escape.js
    ../build/pc/8.0.0/src/$/Fn.js
    ../build/pc/8.0.0/src/$/Math.js
    ../build/pc/8.0.0/src/$/Hash.js
    ../build/pc/8.0.0/src/$/Query.js
    ../build/pc/8.0.0/src/$/JSON.js
    ../build/pc/8.0.0/src/$/Script.js
    ../build/pc/8.0.0/src/$/StyleSheet.js
    ../build/pc/8.0.0/src/$/Tasks.js
    ../build/pc/8.0.0/src/core/KISP.js
    ../build/pc/8.0.0/src/core/Defaults.js
    ../build/pc/8.0.0/src/core/Config.js
    ../build/pc/8.0.0/src/core/Data.js
    ../build/pc/8.0.0/src/browser/Router.js
    ../build/pc/8.0.0/src/api/Proxy.js
    ../build/pc/8.0.0/src/data/defaults/common/api/Proxy.js
    ../build/pc/8.0.0/src/browser/Url.js
    ../build/pc/8.0.0/src/data/defaults/common/Url.defaults.js
    ../build/pc/8.0.0/src/api/Proxy/Url.js
    ../build/pc/8.0.0/src/browser/App.js
    ../build/pc/8.0.0/src/data/defaults/common/App.defaults.js
    ../build/pc/8.0.0/src/lib/$.js
    ../build/pc/8.0.0/src/core/Module.js
    ../build/pc/8.0.0/src/data/defaults/common/Module.defaults.js
    ../build/pc/8.0.0/src/ui/view/View.js
    ../build/pc/8.0.0/src/data/defaults/common/View.defaults.js
    ../build/pc/8.0.0/src/ui/panel/Panel.js
    ../build/pc/8.0.0/src/data/defaults/common/Panel.defaults.js
    ../build/pc/8.0.0/src/ui/template/Template.js
    ../build/pc/8.0.0/src/browser/HTMLParser.js
    ../build/pc/8.0.0/src/ui/template/Template/Meta.js
    ../build/pc/8.0.0/src/core/RandomId.js
    ../build/pc/8.0.0/src/ui/template/Template/Parser.js
    ../build/pc/8.0.0/src/ui/template/Template/Parser/Templates.js
    ../build/pc/8.0.0/src/ui/template/Template/Sample.js
    ../build/pc/8.0.0/src/ui/template/Template/Child.js
    ../build/pc/8.0.0/src/ui/panel/Panel/Meta.js
    ../build/pc/8.0.0/src/ui/panel/Panel/Container.js
    ../build/pc/8.0.0/src/ui/view/View/Container.js
    ../build/pc/8.0.0/src/browser/package/Package.js
    ../build/pc/8.0.0/src/data/defaults/common/Package.js
    ../build/pc/8.0.0/src/ui/loading/Loading.js
    ../build/pc/8.0.0/src/data/defaults/common/Loading.defaults.js
    ../build/pc/8.0.0/src/core/Style.js
    ../build/pc/8.0.0/src/core/Style/Margin.js
    ../build/pc/8.0.0/src/core/Style/Pixel.js
    ../build/pc/8.0.0/src/ui/loading/Loading/Sample.js
    ../build/pc/8.0.0/src/ui/loading/Loading/Style.js
    ../build/pc/8.0.0/src/ui/loading/Loading/Meta.js
    ../build/pc/8.0.0/src/ui/loading/Loading/Masker.js
    ../build/pc/8.0.0/src/ui/mask/Mask.js
    ../build/pc/8.0.0/src/data/defaults/common/Mask.defaults.js
    ../build/pc/8.0.0/src/data/config/pc/Mask.js
    ../build/pc/8.0.0/src/ui/mask/Mask/Sample.html.js
    ../build/pc/8.0.0/src/ui/mask/Mask/Style.js
    ../build/pc/8.0.0/src/ui/mask/Mask/Meta.js
    ../build/pc/8.0.0/src/ui/loading/Loading/Presettings.js
    ../build/pc/8.0.0/src/browser/package/Package/All.js
    ../build/pc/8.0.0/src/browser/package/Package/Loader.js
    ../build/pc/8.0.0/src/ui/alert/Alert.js
    ../build/pc/8.0.0/src/data/defaults/common/Alert.defaults.js
    ../build/pc/8.0.0/src/data/config/pc/Alert.js
    ../build/pc/8.0.0/src/ui/alert/Alert/Dialog.js
    ../build/pc/8.0.0/src/ui/dialog/Dialog.js
    ../build/pc/8.0.0/src/data/defaults/common/Dialog.defaults.js
    ../build/pc/8.0.0/src/data/config/pc/Dialog.js
    ../build/pc/8.0.0/src/core/Mapper.js
    ../build/pc/8.0.0/src/ui/dialog/Dialog/Style.js
    ../build/pc/8.0.0/src/ui/dialog/Dialog/Meta.js
    ../build/pc/8.0.0/src/ui/dialog/Dialog/Masker.js
    ../build/pc/8.0.0/src/ui/dialog/Dialog/Events.js
    ../build/pc/8.0.0/src/ui/dialog/Dialog/Template.js
    ../build/pc/8.0.0/src/ui/dialog/Dialog/Template/Sample.html.js
    ../build/pc/8.0.0/src/ui/alert/Alert/Dialog/Height.js
    ../build/pc/8.0.0/src/ui/alert/Alert/Sample.html.js
    ../build/pc/8.0.0/src/ui/confirm/Confirm.js
    ../build/pc/8.0.0/src/data/defaults/common/Confirm.defaults.js
    ../build/pc/8.0.0/src/api/API.js
    ../build/pc/8.0.0/src/data/defaults/common/api/API.js
    ../build/pc/8.0.0/src/api/API/Ajax.js
    ../build/pc/8.0.0/src/api/SSH.API.js
    ../build/pc/8.0.0/src/data/defaults/common/api/SSH.API.js
    ../build/pc/8.0.0/src/api/SSH.js
    ../build/pc/8.0.0/src/data/defaults/common/api/SSH.js
    ../build/pc/8.0.0/src/api/SSH/Server.js
    ../build/pc/8.0.0/src/data/defaults/common/api/SSH/Server.js
    ../build/pc/8.0.0/src/browser/SessionStorage.js
    ../build/pc/8.0.0/src/data/defaults/common/SessionStorage.defaults.js
    ../build/pc/8.0.0/src/browser/Storage.js
    ../build/pc/8.0.0/src/browser/LocalStorage.js
    ../build/pc/8.0.0/src/data/defaults/common/LocalStorage.defaults.js
    ../build/pc/8.0.0/src/core/MD5.js
    ../build/pc/8.0.0/src/api/SSH/Server/Config.js
    ../build/pc/8.0.0/src/data/defaults/common/api/SSH/Server/Config.js
    ../build/pc/8.0.0/src/api/SSH/Ajax.js
    ../build/pc/8.0.0/src/api/SSH.API/Ajax.js
    ../build/pc/8.0.0/src/browser/navigator/Navigator.js
    ../build/pc/8.0.0/src/data/defaults/common/Navigator.defaults.js
    ../build/pc/8.0.0/src/browser/navigator/Navigator/Meta.js
    ../build/pc/8.0.0/src/browser/navigator/Navigator/Hash.js
    ../build/pc/8.0.0/src/browser/navigator/Navigator/Router.js
    ../build/pc/8.0.0/src/ui/tabs/Tabs.js
    ../build/pc/8.0.0/src/data/defaults/common/Tabs.defaults.js
    ../build/pc/8.0.0/src/data/config/pc/Tabs.js
    ../build/pc/8.0.0/src/ui/tabs/Tabs/Events.js
    ../build/pc/8.0.0/src/ui/tabs/Tabs/Meta.js
    ../build/pc/8.0.0/src/ui/toast/Toast.js
    ../build/pc/8.0.0/src/data/defaults/common/Toast.defaults.js
    ../build/pc/8.0.0/src/ui/toast/Toast/Sample.html.js
    ../build/pc/8.0.0/src/ui/toast/Toast/Style.js
    ../build/pc/8.0.0/src/ui/toast/Toast/Meta.js
    ../build/pc/8.0.0/src/ui/toast/Toast/Masker.js
    ../build/pc/8.0.0/src/ui/loading/Loading/Sample/iOS.html.js
    ../build/pc/8.0.0/src/partial/end.js
写入 ../build/pc/8.0.0/kisp.debug.js
开始压缩 js 内容 390 KB ...

2018-11-20 16:31:15
成功压缩 js 内容 85 KB  压缩率 78.21%  耗时 2572 ms
写入 ../build/pc/8.0.0/kisp.min.js
编译 less debug 版
编译 ../build/pc/8.0.0/src/ui/alert/Alert.less
编译 ../build/pc/8.0.0/src/ui/confirm/Confirm.less
编译 ../build/pc/8.0.0/src/ui/dialog/Dialog.less
编译 ../build/pc/8.0.0/src/ui/loading/Loading.less
编译 ../build/pc/8.0.0/src/ui/mask/Mask.less
编译 ../build/pc/8.0.0/src/ui/toast/Toast.less
编译 ../build/pc/8.0.0/src/ui/view/View.less
写入 ../build/pc/8.0.0/kisp.debug.css
编译 less min 版
编译 ../build/pc/8.0.0/src/ui/alert/Alert.less
编译 ../build/pc/8.0.0/src/ui/confirm/Confirm.less
编译 ../build/pc/8.0.0/src/ui/dialog/Dialog.less
编译 ../build/pc/8.0.0/src/ui/loading/Loading.less
编译 ../build/pc/8.0.0/src/ui/mask/Mask.less
编译 ../build/pc/8.0.0/src/ui/toast/Toast.less
编译 ../build/pc/8.0.0/src/ui/view/View.less
写入 ../build/pc/8.0.0/kisp.min.css
babel 转换 ../build/pc/8.0.0/kisp.debug.js

2018-11-20 16:31:17
写入 ../build/pc/8.0.0/kisp.babel.debug.js
开始压缩 js 内容 428 KB ...

2018-11-20 16:31:19
成功压缩 js 内容 89 KB  压缩率 79.21%  耗时 1960 ms
写入 ../build/pc/8.0.0/kisp.babel.min.js
复制目录: ../build/pc/8.0.0/src/f/jquery → ../build/pc/8.0.0/jquery
